* installing *source* package ‘FRegSigCom’ ...
** package ‘FRegSigCom’ successfully unpacked and MD5 sums checked
** libs
clang++  -I"/Library/Frameworks/R.framework/Resources/include" -DNDEBUG  -I"/Library/Frameworks/R.framework/Versions/3.5/Resources/library/Rcpp/include" -I"/Library/Frameworks/R.framework/Versions/3.5/Resources/library/RcppEigen/include" -I/usr/local/include   -fPIC  -Wall -g -O2  -c RcppExports.cpp -o RcppExports.o
In file included from RcppExports.cpp:4:
In file included from /Library/Frameworks/R.framework/Versions/3.5/Resources/library/RcppEigen/include/RcppEigen.h:25:
In file included from /Library/Frameworks/R.framework/Versions/3.5/Resources/library/RcppEigen/include/RcppEigenForward.h:30:
In file included from /Library/Frameworks/R.framework/Versions/3.5/Resources/library/RcppEigen/include/Eigen/Dense:1:
In file included from /Library/Frameworks/R.framework/Versions/3.5/Resources/library/RcppEigen/include/Eigen/Core:531:
/Library/Frameworks/R.framework/Versions/3.5/Resources/library/RcppEigen/include/Eigen/src/Core/util/ReenableStupidWarnings.h:10:30: warning: pragma diagnostic pop could not pop, no matching push [-Wunknown-pragmas]
    #pragma clang diagnostic pop
                             ^
In file included from RcppExports.cpp:4:
In file included from /Library/Frameworks/R.framework/Versions/3.5/Resources/library/RcppEigen/include/RcppEigen.h:25:
In file included from /Library/Frameworks/R.framework/Versions/3.5/Resources/library/RcppEigen/include/RcppEigenForward.h:30:
In file included from /Library/Frameworks/R.framework/Versions/3.5/Resources/library/RcppEigen/include/Eigen/Dense:2:
In file included from /Library/Frameworks/R.framework/Versions/3.5/Resources/library/RcppEigen/include/Eigen/LU:47:
/Library/Frameworks/R.framework/Versions/3.5/Resources/library/RcppEigen/include/Eigen/src/Core/util/ReenableStupidWarnings.h:10:30: warning: pragma diagnostic pop could not pop, no matching push [-Wunknown-pragmas]
    #pragma clang diagnostic pop
                             ^
In file included from RcppExports.cpp:4:
In file included from /Library/Frameworks/R.framework/Versions/3.5/Resources/library/RcppEigen/include/RcppEigen.h:25:
In file included from /Library/Frameworks/R.framework/Versions/3.5/Resources/library/RcppEigen/include/RcppEigenForward.h:30:
In file included from /Library/Frameworks/R.framework/Versions/3.5/Resources/library/RcppEigen/include/Eigen/Dense:3:
In file included from /Library/Frameworks/R.framework/Versions/3.5/Resources/library/RcppEigen/include/Eigen/Cholesky:12:
In file included from /Library/Frameworks/R.framework/Versions/3.5/Resources/library/RcppEigen/include/Eigen/Jacobi:29:
/Library/Frameworks/R.framework/Versions/3.5/Resources/library/RcppEigen/include/Eigen/src/Core/util/ReenableStupidWarnings.h:10:30: warning: pragma diagnostic pop could not pop, no matching push [-Wunknown-pragmas]
    #pragma clang diagnostic pop
                             ^
In file included from RcppExports.cpp:4:
In file included from /Library/Frameworks/R.framework/Versions/3.5/Resources/library/RcppEigen/include/RcppEigen.h:25:
In file included from /Library/Frameworks/R.framework/Versions/3.5/Resources/library/RcppEigen/include/RcppEigenForward.h:30:
In file included from /Library/Frameworks/R.framework/Versions/3.5/Resources/library/RcppEigen/include/Eigen/Dense:3:
In file included from /Library/Frameworks/R.framework/Versions/3.5/Resources/library/RcppEigen/include/Eigen/Cholesky:43:
/Library/Frameworks/R.framework/Versions/3.5/Resources/library/RcppEigen/include/Eigen/src/Core/util/ReenableStupidWarnings.h:10:30: warning: pragma diagnostic pop could not pop, no matching push [-Wunknown-pragmas]
    #pragma clang diagnostic pop
                             ^
In file included from RcppExports.cpp:4:
In file included from /Library/Frameworks/R.framework/Versions/3.5/Resources/library/RcppEigen/include/RcppEigen.h:25:
In file included from /Library/Frameworks/R.framework/Versions/3.5/Resources/library/RcppEigen/include/RcppEigenForward.h:30:
In file included from /Library/Frameworks/R.framework/Versions/3.5/Resources/library/RcppEigen/include/Eigen/Dense:4:
In file included from /Library/Frameworks/R.framework/Versions/3.5/Resources/library/RcppEigen/include/Eigen/QR:17:
In file included from /Library/Frameworks/R.framework/Versions/3.5/Resources/library/RcppEigen/include/Eigen/Householder:27:
/Library/Frameworks/R.framework/Versions/3.5/Resources/library/RcppEigen/include/Eigen/src/Core/util/ReenableStupidWarnings.h:10:30: warning: pragma diagnostic pop could not pop, no matching push [-Wunknown-pragmas]
    #pragma clang diagnostic pop
                             ^
In file included from RcppExports.cpp:4:
In file included from /Library/Frameworks/R.framework/Versions/3.5/Resources/library/RcppEigen/include/RcppEigen.h:25:
In file included from /Library/Frameworks/R.framework/Versions/3.5/Resources/library/RcppEigen/include/RcppEigenForward.h:30:
In file included from /Library/Frameworks/R.framework/Versions/3.5/Resources/library/RcppEigen/include/Eigen/Dense:5:
In file included from /Library/Frameworks/R.framework/Versions/3.5/Resources/library/RcppEigen/include/Eigen/SVD:48:
/Library/Frameworks/R.framework/Versions/3.5/Resources/library/RcppEigen/include/Eigen/src/Core/util/ReenableStupidWarnings.h:10:30: warning: pragma diagnostic pop could not pop, no matching push [-Wunknown-pragmas]
    #pragma clang diagnostic pop
                             ^
In file included from RcppExports.cpp:4:
In file included from /Library/Frameworks/R.framework/Versions/3.5/Resources/library/RcppEigen/include/RcppEigen.h:25:
In file included from /Library/Frameworks/R.framework/Versions/3.5/Resources/library/RcppEigen/include/RcppEigenForward.h:30:
In file included from /Library/Frameworks/R.framework/Versions/3.5/Resources/library/RcppEigen/include/Eigen/Dense:6:
In file included from /Library/Frameworks/R.framework/Versions/3.5/Resources/library/RcppEigen/include/Eigen/Geometry:58:
/Library/Frameworks/R.framework/Versions/3.5/Resources/library/RcppEigen/include/Eigen/src/Core/util/ReenableStupidWarnings.h:10:30: warning: pragma diagnostic pop could not pop, no matching push [-Wunknown-pragmas]
    #pragma clang diagnostic pop
                             ^
In file included from RcppExports.cpp:4:
In file included from /Library/Frameworks/R.framework/Versions/3.5/Resources/library/RcppEigen/include/RcppEigen.h:25:
In file included from /Library/Frameworks/R.framework/Versions/3.5/Resources/library/RcppEigen/include/RcppEigenForward.h:30:
In file included from /Library/Frameworks/R.framework/Versions/3.5/Resources/library/RcppEigen/include/Eigen/Dense:7:
In file included from /Library/Frameworks/R.framework/Versions/3.5/Resources/library/RcppEigen/include/Eigen/Eigenvalues:58:
/Library/Frameworks/R.framework/Versions/3.5/Resources/library/RcppEigen/include/Eigen/src/Core/util/ReenableStupidWarnings.h:10:30: warning: pragma diagnostic pop could not pop, no matching push [-Wunknown-pragmas]
    #pragma clang diagnostic pop
                             ^
In file included from RcppExports.cpp:4:
In file included from /Library/Frameworks/R.framework/Versions/3.5/Resources/library/RcppEigen/include/RcppEigen.h:25:
In file included from /Library/Frameworks/R.framework/Versions/3.5/Resources/library/RcppEigen/include/RcppEigenForward.h:31:
In file included from /Library/Frameworks/R.framework/Versions/3.5/Resources/library/RcppEigen/include/Eigen/Sparse:26:
In file included from /Library/Frameworks/R.framework/Versions/3.5/Resources/library/RcppEigen/include/Eigen/SparseCore:66:
/Library/Frameworks/R.framework/Versions/3.5/Resources/library/RcppEigen/include/Eigen/src/Core/util/ReenableStupidWarnings.h:10:30: warning: pragma diagnostic pop could not pop, no matching push [-Wunknown-pragmas]
    #pragma clang diagnostic pop
                             ^
In file included from RcppExports.cpp:4:
In file included from /Library/Frameworks/R.framework/Versions/3.5/Resources/library/RcppEigen/include/RcppEigen.h:25:
In file included from /Library/Frameworks/R.framework/Versions/3.5/Resources/library/RcppEigen/include/RcppEigenForward.h:31:
In file included from /Library/Frameworks/R.framework/Versions/3.5/Resources/library/RcppEigen/include/Eigen/Sparse:27:
In file included from /Library/Frameworks/R.framework/Versions/3.5/Resources/library/RcppEigen/include/Eigen/OrderingMethods:71:
/Library/Frameworks/R.framework/Versions/3.5/Resources/library/RcppEigen/include/Eigen/src/Core/util/ReenableStupidWarnings.h:10:30: warning: pragma diagnostic pop could not pop, no matching push [-Wunknown-pragmas]
    #pragma clang diagnostic pop
                             ^
In file included from RcppExports.cpp:4:
In file included from /Library/Frameworks/R.framework/Versions/3.5/Resources/library/RcppEigen/include/RcppEigen.h:25:
In file included from /Library/Frameworks/R.framework/Versions/3.5/Resources/library/RcppEigen/include/RcppEigenForward.h:31:
In file included from /Library/Frameworks/R.framework/Versions/3.5/Resources/library/RcppEigen/include/Eigen/Sparse:29:
In file included from /Library/Frameworks/R.framework/Versions/3.5/Resources/library/RcppEigen/include/Eigen/SparseCholesky:43:
/Library/Frameworks/R.framework/Versions/3.5/Resources/library/RcppEigen/include/Eigen/src/Core/util/ReenableStupidWarnings.h:10:30: warning: pragma diagnostic pop could not pop, no matching push [-Wunknown-pragmas]
    #pragma clang diagnostic pop
                             ^
In file included from RcppExports.cpp:4:
In file included from /Library/Frameworks/R.framework/Versions/3.5/Resources/library/RcppEigen/include/RcppEigen.h:25:
In file included from /Library/Frameworks/R.framework/Versions/3.5/Resources/library/RcppEigen/include/RcppEigenForward.h:31:
In file included from /Library/Frameworks/R.framework/Versions/3.5/Resources/library/RcppEigen/include/Eigen/Sparse:32:
In file included from /Library/Frameworks/R.framework/Versions/3.5/Resources/library/RcppEigen/include/Eigen/SparseQR:35:
/Library/Frameworks/R.framework/Versions/3.5/Resources/library/RcppEigen/include/Eigen/src/Core/util/ReenableStupidWarnings.h:10:30: warning: pragma diagnostic pop could not pop, no matching push [-Wunknown-pragmas]
    #pragma clang diagnostic pop
                             ^
In file included from RcppExports.cpp:4:
In file included from /Library/Frameworks/R.framework/Versions/3.5/Resources/library/RcppEigen/include/RcppEigen.h:25:
In file included from /Library/Frameworks/R.framework/Versions/3.5/Resources/library/RcppEigen/include/RcppEigenForward.h:31:
In file included from /Library/Frameworks/R.framework/Versions/3.5/Resources/library/RcppEigen/include/Eigen/Sparse:33:
In file included from /Library/Frameworks/R.framework/Versions/3.5/Resources/library/RcppEigen/include/Eigen/IterativeLinearSolvers:46:
/Library/Frameworks/R.framework/Versions/3.5/Resources/library/RcppEigen/include/Eigen/src/Core/util/ReenableStupidWarnings.h:10:30: warning: pragma diagnostic pop could not pop, no matching push [-Wunknown-pragmas]
    #pragma clang diagnostic pop
                             ^
In file included from RcppExports.cpp:4:
In file included from /Library/Frameworks/R.framework/Versions/3.5/Resources/library/RcppEigen/include/RcppEigen.h:25:
In file included from /Library/Frameworks/R.framework/Versions/3.5/Resources/library/RcppEigen/include/RcppEigenForward.h:32:
In file included from /Library/Frameworks/R.framework/Versions/3.5/Resources/library/RcppEigen/include/Eigen/CholmodSupport:45:
/Library/Frameworks/R.framework/Versions/3.5/Resources/library/RcppEigen/include/Eigen/src/Core/util/ReenableStupidWarnings.h:10:30: warning: pragma diagnostic pop could not pop, no matching push [-Wunknown-pragmas]
    #pragma clang diagnostic pop
                             ^
In file included from RcppExports.cpp:4:
In file included from /Library/Frameworks/R.framework/Versions/3.5/Resources/library/RcppEigen/include/RcppEigen.h:25:
In file included from /Library/Frameworks/R.framework/Versions/3.5/Resources/library/RcppEigen/include/RcppEigenForward.h:35:
In file included from /Library/Frameworks/R.framework/Versions/3.5/Resources/library/RcppEigen/include/unsupported/Eigen/KroneckerProduct:34:
/Library/Frameworks/R.framework/Versions/3.5/Resources/library/RcppEigen/include/unsupported/Eigen/../../Eigen/src/Core/util/ReenableStupidWarnings.h:10:30: warning: pragma diagnostic pop could not pop, no matching push [-Wunknown-pragmas]
    #pragma clang diagnostic pop
                             ^
In file included from RcppExports.cpp:4:
In file included from /Library/Frameworks/R.framework/Versions/3.5/Resources/library/RcppEigen/include/RcppEigen.h:25:
In file included from /Library/Frameworks/R.framework/Versions/3.5/Resources/library/RcppEigen/include/RcppEigenForward.h:39:
In file included from /Library/Frameworks/R.framework/Versions/3.5/Resources/library/RcppEigen/include/unsupported/Eigen/Polynomials:135:
/Library/Frameworks/R.framework/Versions/3.5/Resources/library/RcppEigen/include/unsupported/Eigen/../../Eigen/src/Core/util/ReenableStupidWarnings.h:10:30: warning: pragma diagnostic pop could not pop, no matching push [-Wunknown-pragmas]
    #pragma clang diagnostic pop
                             ^
In file included from RcppExports.cpp:4:
In file included from /Library/Frameworks/R.framework/Versions/3.5/Resources/library/RcppEigen/include/RcppEigen.h:25:
In file included from /Library/Frameworks/R.framework/Versions/3.5/Resources/library/RcppEigen/include/RcppEigenForward.h:40:
In file included from /Library/Frameworks/R.framework/Versions/3.5/Resources/library/RcppEigen/include/unsupported/Eigen/SparseExtra:51:
/Library/Frameworks/R.framework/Versions/3.5/Resources/library/RcppEigen/include/unsupported/Eigen/../../Eigen/src/Core/util/ReenableStupidWarnings.h:10:30: warning: pragma diagnostic pop could not pop, no matching push [-Wunknown-pragmas]
    #pragma clang diagnostic pop
                             ^
17 warnings generated.
clang++  -I"/Library/Frameworks/R.framework/Resources/include" -DNDEBUG  -I"/Library/Frameworks/R.framework/Versions/3.5/Resources/library/Rcpp/include" -I"/Library/Frameworks/R.framework/Versions/3.5/Resources/library/RcppEigen/include" -I/usr/local/include   -fPIC  -Wall -g -O2  -c c_ff_interaction.cpp -o c_ff_interaction.o
In file included from c_ff_interaction.cpp:1:
In file included from /Library/Frameworks/R.framework/Versions/3.5/Resources/library/RcppEigen/include/RcppEigen.h:25:
In file included from /Library/Frameworks/R.framework/Versions/3.5/Resources/library/RcppEigen/include/RcppEigenForward.h:30:
In file included from /Library/Frameworks/R.framework/Versions/3.5/Resources/library/RcppEigen/include/Eigen/Dense:1:
In file included from /Library/Frameworks/R.framework/Versions/3.5/Resources/library/RcppEigen/include/Eigen/Core:531:
/Library/Frameworks/R.framework/Versions/3.5/Resources/library/RcppEigen/include/Eigen/src/Core/util/ReenableStupidWarnings.h:10:30: warning: pragma diagnostic pop could not pop, no matching push [-Wunknown-pragmas]
    #pragma clang diagnostic pop
                             ^
In file included from c_ff_interaction.cpp:1:
In file included from /Library/Frameworks/R.framework/Versions/3.5/Resources/library/RcppEigen/include/RcppEigen.h:25:
In file included from /Library/Frameworks/R.framework/Versions/3.5/Resources/library/RcppEigen/include/RcppEigenForward.h:30:
In file included from /Library/Frameworks/R.framework/Versions/3.5/Resources/library/RcppEigen/include/Eigen/Dense:2:
In file included from /Library/Frameworks/R.framework/Versions/3.5/Resources/library/RcppEigen/include/Eigen/LU:47:
/Library/Frameworks/R.framework/Versions/3.5/Resources/library/RcppEigen/include/Eigen/src/Core/util/ReenableStupidWarnings.h:10:30: warning: pragma diagnostic pop could not pop, no matching push [-Wunknown-pragmas]
    #pragma clang diagnostic pop
                             ^
In file included from c_ff_interaction.cpp:1:
In file included from /Library/Frameworks/R.framework/Versions/3.5/Resources/library/RcppEigen/include/RcppEigen.h:25:
In file included from /Library/Frameworks/R.framework/Versions/3.5/Resources/library/RcppEigen/include/RcppEigenForward.h:30:
In file included from /Library/Frameworks/R.framework/Versions/3.5/Resources/library/RcppEigen/include/Eigen/Dense:3:
In file included from /Library/Frameworks/R.framework/Versions/3.5/Resources/library/RcppEigen/include/Eigen/Cholesky:12:
In file included from /Library/Frameworks/R.framework/Versions/3.5/Resources/library/RcppEigen/include/Eigen/Jacobi:29:
/Library/Frameworks/R.framework/Versions/3.5/Resources/library/RcppEigen/include/Eigen/src/Core/util/ReenableStupidWarnings.h:10:30: warning: pragma diagnostic pop could not pop, no matching push [-Wunknown-pragmas]
    #pragma clang diagnostic pop
                             ^
In file included from c_ff_interaction.cpp:1:
In file included from /Library/Frameworks/R.framework/Versions/3.5/Resources/library/RcppEigen/include/RcppEigen.h:25:
In file included from /Library/Frameworks/R.framework/Versions/3.5/Resources/library/RcppEigen/include/RcppEigenForward.h:30:
In file included from /Library/Frameworks/R.framework/Versions/3.5/Resources/library/RcppEigen/include/Eigen/Dense:3:
In file included from /Library/Frameworks/R.framework/Versions/3.5/Resources/library/RcppEigen/include/Eigen/Cholesky:43:
/Library/Frameworks/R.framework/Versions/3.5/Resources/library/RcppEigen/include/Eigen/src/Core/util/ReenableStupidWarnings.h:10:30: warning: pragma diagnostic pop could not pop, no matching push [-Wunknown-pragmas]
    #pragma clang diagnostic pop
                             ^
In file included from c_ff_interaction.cpp:1:
In file included from /Library/Frameworks/R.framework/Versions/3.5/Resources/library/RcppEigen/include/RcppEigen.h:25:
In file included from /Library/Frameworks/R.framework/Versions/3.5/Resources/library/RcppEigen/include/RcppEigenForward.h:30:
In file included from /Library/Frameworks/R.framework/Versions/3.5/Resources/library/RcppEigen/include/Eigen/Dense:4:
In file included from /Library/Frameworks/R.framework/Versions/3.5/Resources/library/RcppEigen/include/Eigen/QR:17:
In file included from /Library/Frameworks/R.framework/Versions/3.5/Resources/library/RcppEigen/include/Eigen/Householder:27:
/Library/Frameworks/R.framework/Versions/3.5/Resources/library/RcppEigen/include/Eigen/src/Core/util/ReenableStupidWarnings.h:10:30: warning: pragma diagnostic pop could not pop, no matching push [-Wunknown-pragmas]
    #pragma clang diagnostic pop
                             ^
In file included from c_ff_interaction.cpp:1:
In file included from /Library/Frameworks/R.framework/Versions/3.5/Resources/library/RcppEigen/include/RcppEigen.h:25:
In file included from /Library/Frameworks/R.framework/Versions/3.5/Resources/library/RcppEigen/include/RcppEigenForward.h:30:
In file included from /Library/Frameworks/R.framework/Versions/3.5/Resources/library/RcppEigen/include/Eigen/Dense:5:
In file included from /Library/Frameworks/R.framework/Versions/3.5/Resources/library/RcppEigen/include/Eigen/SVD:48:
/Library/Frameworks/R.framework/Versions/3.5/Resources/library/RcppEigen/include/Eigen/src/Core/util/ReenableStupidWarnings.h:10:30: warning: pragma diagnostic pop could not pop, no matching push [-Wunknown-pragmas]
    #pragma clang diagnostic pop
                             ^
In file included from c_ff_interaction.cpp:1:
In file included from /Library/Frameworks/R.framework/Versions/3.5/Resources/library/RcppEigen/include/RcppEigen.h:25:
In file included from /Library/Frameworks/R.framework/Versions/3.5/Resources/library/RcppEigen/include/RcppEigenForward.h:30:
In file included from /Library/Frameworks/R.framework/Versions/3.5/Resources/library/RcppEigen/include/Eigen/Dense:6:
In file included from /Library/Frameworks/R.framework/Versions/3.5/Resources/library/RcppEigen/include/Eigen/Geometry:58:
/Library/Frameworks/R.framework/Versions/3.5/Resources/library/RcppEigen/include/Eigen/src/Core/util/ReenableStupidWarnings.h:10:30: warning: pragma diagnostic pop could not pop, no matching push [-Wunknown-pragmas]
    #pragma clang diagnostic pop
                             ^
In file included from c_ff_interaction.cpp:1:
In file included from /Library/Frameworks/R.framework/Versions/3.5/Resources/library/RcppEigen/include/RcppEigen.h:25:
In file included from /Library/Frameworks/R.framework/Versions/3.5/Resources/library/RcppEigen/include/RcppEigenForward.h:30:
In file included from /Library/Frameworks/R.framework/Versions/3.5/Resources/library/RcppEigen/include/Eigen/Dense:7:
In file included from /Library/Frameworks/R.framework/Versions/3.5/Resources/library/RcppEigen/include/Eigen/Eigenvalues:58:
/Library/Frameworks/R.framework/Versions/3.5/Resources/library/RcppEigen/include/Eigen/src/Core/util/ReenableStupidWarnings.h:10:30: warning: pragma diagnostic pop could not pop, no matching push [-Wunknown-pragmas]
    #pragma clang diagnostic pop
                             ^
In file included from c_ff_interaction.cpp:1:
In file included from /Library/Frameworks/R.framework/Versions/3.5/Resources/library/RcppEigen/include/RcppEigen.h:25:
In file included from /Library/Frameworks/R.framework/Versions/3.5/Resources/library/RcppEigen/include/RcppEigenForward.h:31:
In file included from /Library/Frameworks/R.framework/Versions/3.5/Resources/library/RcppEigen/include/Eigen/Sparse:26:
In file included from /Library/Frameworks/R.framework/Versions/3.5/Resources/library/RcppEigen/include/Eigen/SparseCore:66:
/Library/Frameworks/R.framework/Versions/3.5/Resources/library/RcppEigen/include/Eigen/src/Core/util/ReenableStupidWarnings.h:10:30: warning: pragma diagnostic pop could not pop, no matching push [-Wunknown-pragmas]
    #pragma clang diagnostic pop
                             ^
In file included from c_ff_interaction.cpp:1:
In file included from /Library/Frameworks/R.framework/Versions/3.5/Resources/library/RcppEigen/include/RcppEigen.h:25:
In file included from /Library/Frameworks/R.framework/Versions/3.5/Resources/library/RcppEigen/include/RcppEigenForward.h:31:
In file included from /Library/Frameworks/R.framework/Versions/3.5/Resources/library/RcppEigen/include/Eigen/Sparse:27:
In file included from /Library/Frameworks/R.framework/Versions/3.5/Resources/library/RcppEigen/include/Eigen/OrderingMethods:71:
/Library/Frameworks/R.framework/Versions/3.5/Resources/library/RcppEigen/include/Eigen/src/Core/util/ReenableStupidWarnings.h:10:30: warning: pragma diagnostic pop could not pop, no matching push [-Wunknown-pragmas]
    #pragma clang diagnostic pop
                             ^
In file included from c_ff_interaction.cpp:1:
In file included from /Library/Frameworks/R.framework/Versions/3.5/Resources/library/RcppEigen/include/RcppEigen.h:25:
In file included from /Library/Frameworks/R.framework/Versions/3.5/Resources/library/RcppEigen/include/RcppEigenForward.h:31:
In file included from /Library/Frameworks/R.framework/Versions/3.5/Resources/library/RcppEigen/include/Eigen/Sparse:29:
In file included from /Library/Frameworks/R.framework/Versions/3.5/Resources/library/RcppEigen/include/Eigen/SparseCholesky:43:
/Library/Frameworks/R.framework/Versions/3.5/Resources/library/RcppEigen/include/Eigen/src/Core/util/ReenableStupidWarnings.h:10:30: warning: pragma diagnostic pop could not pop, no matching push [-Wunknown-pragmas]
    #pragma clang diagnostic pop
                             ^
In file included from c_ff_interaction.cpp:1:
In file included from /Library/Frameworks/R.framework/Versions/3.5/Resources/library/RcppEigen/include/RcppEigen.h:25:
In file included from /Library/Frameworks/R.framework/Versions/3.5/Resources/library/RcppEigen/include/RcppEigenForward.h:31:
In file included from /Library/Frameworks/R.framework/Versions/3.5/Resources/library/RcppEigen/include/Eigen/Sparse:32:
In file included from /Library/Frameworks/R.framework/Versions/3.5/Resources/library/RcppEigen/include/Eigen/SparseQR:35:
/Library/Frameworks/R.framework/Versions/3.5/Resources/library/RcppEigen/include/Eigen/src/Core/util/ReenableStupidWarnings.h:10:30: warning: pragma diagnostic pop could not pop, no matching push [-Wunknown-pragmas]
    #pragma clang diagnostic pop
                             ^
In file included from c_ff_interaction.cpp:1:
In file included from /Library/Frameworks/R.framework/Versions/3.5/Resources/library/RcppEigen/include/RcppEigen.h:25:
In file included from /Library/Frameworks/R.framework/Versions/3.5/Resources/library/RcppEigen/include/RcppEigenForward.h:31:
In file included from /Library/Frameworks/R.framework/Versions/3.5/Resources/library/RcppEigen/include/Eigen/Sparse:33:
In file included from /Library/Frameworks/R.framework/Versions/3.5/Resources/library/RcppEigen/include/Eigen/IterativeLinearSolvers:46:
/Library/Frameworks/R.framework/Versions/3.5/Resources/library/RcppEigen/include/Eigen/src/Core/util/ReenableStupidWarnings.h:10:30: warning: pragma diagnostic pop could not pop, no matching push [-Wunknown-pragmas]
    #pragma clang diagnostic pop
                             ^
In file included from c_ff_interaction.cpp:1:
In file included from /Library/Frameworks/R.framework/Versions/3.5/Resources/library/RcppEigen/include/RcppEigen.h:25:
In file included from /Library/Frameworks/R.framework/Versions/3.5/Resources/library/RcppEigen/include/RcppEigenForward.h:32:
In file included from /Library/Frameworks/R.framework/Versions/3.5/Resources/library/RcppEigen/include/Eigen/CholmodSupport:45:
/Library/Frameworks/R.framework/Versions/3.5/Resources/library/RcppEigen/include/Eigen/src/Core/util/ReenableStupidWarnings.h:10:30: warning: pragma diagnostic pop could not pop, no matching push [-Wunknown-pragmas]
    #pragma clang diagnostic pop
                             ^
In file included from c_ff_interaction.cpp:1:
In file included from /Library/Frameworks/R.framework/Versions/3.5/Resources/library/RcppEigen/include/RcppEigen.h:25:
In file included from /Library/Frameworks/R.framework/Versions/3.5/Resources/library/RcppEigen/include/RcppEigenForward.h:35:
In file included from /Library/Frameworks/R.framework/Versions/3.5/Resources/library/RcppEigen/include/unsupported/Eigen/KroneckerProduct:34:
/Library/Frameworks/R.framework/Versions/3.5/Resources/library/RcppEigen/include/unsupported/Eigen/../../Eigen/src/Core/util/ReenableStupidWarnings.h:10:30: warning: pragma diagnostic pop could not pop, no matching push [-Wunknown-pragmas]
    #pragma clang diagnostic pop
                             ^
In file included from c_ff_interaction.cpp:1:
In file included from /Library/Frameworks/R.framework/Versions/3.5/Resources/library/RcppEigen/include/RcppEigen.h:25:
In file included from /Library/Frameworks/R.framework/Versions/3.5/Resources/library/RcppEigen/include/RcppEigenForward.h:39:
In file included from /Library/Frameworks/R.framework/Versions/3.5/Resources/library/RcppEigen/include/unsupported/Eigen/Polynomials:135:
/Library/Frameworks/R.framework/Versions/3.5/Resources/library/RcppEigen/include/unsupported/Eigen/../../Eigen/src/Core/util/ReenableStupidWarnings.h:10:30: warning: pragma diagnostic pop could not pop, no matching push [-Wunknown-pragmas]
    #pragma clang diagnostic pop
                             ^
In file included from c_ff_interaction.cpp:1:
In file included from /Library/Frameworks/R.framework/Versions/3.5/Resources/library/RcppEigen/include/RcppEigen.h:25:
In file included from /Library/Frameworks/R.framework/Versions/3.5/Resources/library/RcppEigen/include/RcppEigenForward.h:40:
In file included from /Library/Frameworks/R.framework/Versions/3.5/Resources/library/RcppEigen/include/unsupported/Eigen/SparseExtra:51:
/Library/Frameworks/R.framework/Versions/3.5/Resources/library/RcppEigen/include/unsupported/Eigen/../../Eigen/src/Core/util/ReenableStupidWarnings.h:10:30: warning: pragma diagnostic pop could not pop, no matching push [-Wunknown-pragmas]
    #pragma clang diagnostic pop
                             ^
17 warnings generated.
clang++ -dynamiclib -Wl,-headerpad_max_install_names -undefined dynamic_lookup -single_module -multiply_defined suppress -L/Library/Frameworks/R.framework/Resources/lib -L/usr/local/lib -o FRegSigCom.so RcppExports.o c_ff_interaction.o -F/Library/Frameworks/R.framework/.. -framework R -Wl,-framework -Wl,CoreFoundation
installing to /Users/juliawrobel/refund/revdep/checks/FRegSigCom.Rcheck/FRegSigCom/libs
** R
** data
*** moving datasets to lazyload DB
** byte-compile and prepare package for lazy loading
** help
*** installing help indices
** building package indices
** testing if installed package can be loaded
* DONE (FRegSigCom)
